%!Adobe-FontList 1.18
%Locale:0x240a

%BeginFont
Handler:DirectoryHandler
FontType:Invalid
OutlineFileName:C:\Users\macastrop\OneDrive - Unipanamericana\ui transmilenio\Enfoque diferencial\Enfoque diferencial - HTML\Font\lato\lato-black.eot
FileModTime:1484766721
%EndFont

%BeginFont
Handler:DirectoryHandler
FontType:Invalid
OutlineFileName:C:\Users\macastrop\OneDrive - Unipanamericana\ui transmilenio\Enfoque diferencial\Enfoque diferencial - HTML\Font\lato\lato-black.svg
FileModTime:1484766721
%EndFont

%BeginFont
Handler:DirectoryHandler
FontType:TrueType
FontName:Lato-Black
FamilyName:Lato
StyleName:Black
FullName:Lato Black Regular
MenuName:Lato Black
StyleBits:2
WritingScript:Roman
OutlineFileName:C:\Users\macastrop\OneDrive - Unipanamericana\ui transmilenio\Enfoque diferencial\Enfoque diferencial - HTML\Font\lato\lato-black.ttf
DataFormat:sfntData
hasSVG:no
FileLength:65316
FileModTime:1484766721
WeightClass:900
WidthClass:5
AngleClass:0
NameArray:0,Win,1,Lato Black
NameArray:0,Win,16,Lato
%EndFont

%BeginFont
Handler:DirectoryHandler
FontType:Invalid
OutlineFileName:C:\Users\macastrop\OneDrive - Unipanamericana\ui transmilenio\Enfoque diferencial\Enfoque diferencial - HTML\Font\lato\lato-black.woff
FileModTime:1484766721
%EndFont

%BeginFont
Handler:DirectoryHandler
FontType:Invalid
OutlineFileName:C:\Users\macastrop\OneDrive - Unipanamericana\ui transmilenio\Enfoque diferencial\Enfoque diferencial - HTML\Font\lato\lato-bold.eot
FileModTime:1484766721
%EndFont

%BeginFont
Handler:DirectoryHandler
FontType:Invalid
OutlineFileName:C:\Users\macastrop\OneDrive - Unipanamericana\ui transmilenio\Enfoque diferencial\Enfoque diferencial - HTML\Font\lato\lato-bold.svg
FileModTime:1484766721
%EndFont

%BeginFont
Handler:DirectoryHandler
FontType:TrueType
FontName:Lato-Bold
FamilyName:Lato
StyleName:Bold
FullName:Lato Bold
MenuName:Lato
StyleBits:2
WritingScript:Roman
OutlineFileName:C:\Users\macastrop\OneDrive - Unipanamericana\ui transmilenio\Enfoque diferencial\Enfoque diferencial - HTML\Font\lato\lato-bold.ttf
DataFormat:sfntData
hasSVG:no
FileLength:67592
FileModTime:1484766721
WeightClass:700
WidthClass:5
AngleClass:0
NameArray:0,Win,1,Lato
%EndFont

%BeginFont
Handler:DirectoryHandler
FontType:Invalid
OutlineFileName:C:\Users\macastrop\OneDrive - Unipanamericana\ui transmilenio\Enfoque diferencial\Enfoque diferencial - HTML\Font\lato\lato-bold.woff
FileModTime:1484766721
%EndFont

%BeginFont
Handler:DirectoryHandler
FontType:Invalid
OutlineFileName:C:\Users\macastrop\OneDrive - Unipanamericana\ui transmilenio\Enfoque diferencial\Enfoque diferencial - HTML\Font\lato\lato-bolditalic.eot
FileModTime:1484766721
%EndFont

%BeginFont
Handler:DirectoryHandler
FontType:Invalid
OutlineFileName:C:\Users\macastrop\OneDrive - Unipanamericana\ui transmilenio\Enfoque diferencial\Enfoque diferencial - HTML\Font\lato\lato-bolditalic.svg
FileModTime:1484766721
%EndFont

%BeginFont
Handler:DirectoryHandler
FontType:TrueType
FontName:Lato-BoldItalic
FamilyName:Lato
StyleName:Bold Italic
FullName:Lato Bold Italic
MenuName:Lato
StyleBits:3
WritingScript:Roman
OutlineFileName:C:\Users\macastrop\OneDrive - Unipanamericana\ui transmilenio\Enfoque diferencial\Enfoque diferencial - HTML\Font\lato\lato-bolditalic.ttf
DataFormat:sfntData
hasSVG:no
FileLength:58908
FileModTime:1484766721
WeightClass:700
WidthClass:5
AngleClass:1
NameArray:0,Win,1,Lato
%EndFont

%BeginFont
Handler:DirectoryHandler
FontType:Invalid
OutlineFileName:C:\Users\macastrop\OneDrive - Unipanamericana\ui transmilenio\Enfoque diferencial\Enfoque diferencial - HTML\Font\lato\lato-bolditalic.woff
FileModTime:1484766721
%EndFont

%BeginFont
Handler:DirectoryHandler
FontType:Invalid
OutlineFileName:C:\Users\macastrop\OneDrive - Unipanamericana\ui transmilenio\Enfoque diferencial\Enfoque diferencial - HTML\Font\lato\lato-italic.eot
FileModTime:1484766721
%EndFont

%BeginFont
Handler:DirectoryHandler
FontType:Invalid
OutlineFileName:C:\Users\macastrop\OneDrive - Unipanamericana\ui transmilenio\Enfoque diferencial\Enfoque diferencial - HTML\Font\lato\lato-italic.svg
FileModTime:1484766721
%EndFont

%BeginFont
Handler:DirectoryHandler
FontType:TrueType
FontName:Lato-Italic
FamilyName:Lato
StyleName:Italic
FullName:Lato Italic
MenuName:Lato
StyleBits:1
WritingScript:Roman
OutlineFileName:C:\Users\macastrop\OneDrive - Unipanamericana\ui transmilenio\Enfoque diferencial\Enfoque diferencial - HTML\Font\lato\lato-italic.ttf
DataFormat:sfntData
hasSVG:no
FileLength:56732
FileModTime:1484766721
WeightClass:400
WidthClass:5
AngleClass:1
NameArray:0,Win,1,Lato
%EndFont

%BeginFont
Handler:DirectoryHandler
FontType:Invalid
OutlineFileName:C:\Users\macastrop\OneDrive - Unipanamericana\ui transmilenio\Enfoque diferencial\Enfoque diferencial - HTML\Font\lato\lato-italic.woff
FileModTime:1484766721
%EndFont

%BeginFont
Handler:DirectoryHandler
FontType:Invalid
OutlineFileName:C:\Users\macastrop\OneDrive - Unipanamericana\ui transmilenio\Enfoque diferencial\Enfoque diferencial - HTML\Font\lato\lato-light.eot
FileModTime:1484766721
%EndFont

%BeginFont
Handler:DirectoryHandler
FontType:Invalid
OutlineFileName:C:\Users\macastrop\OneDrive - Unipanamericana\ui transmilenio\Enfoque diferencial\Enfoque diferencial - HTML\Font\lato\lato-light.svg
FileModTime:1484766721
%EndFont

%BeginFont
Handler:DirectoryHandler
FontType:TrueType
FontName:Lato-Light
FamilyName:Lato
StyleName:Light
FullName:Lato Light Regular
MenuName:Lato Light
StyleBits:0
WritingScript:Roman
OutlineFileName:C:\Users\macastrop\OneDrive - Unipanamericana\ui transmilenio\Enfoque diferencial\Enfoque diferencial - HTML\Font\lato\lato-light.ttf
DataFormat:sfntData
hasSVG:no
FileLength:64540
FileModTime:1484766721
WeightClass:300
WidthClass:5
AngleClass:0
NameArray:0,Win,1,Lato Light
NameArray:0,Win,16,Lato
%EndFont

%BeginFont
Handler:DirectoryHandler
FontType:Invalid
OutlineFileName:C:\Users\macastrop\OneDrive - Unipanamericana\ui transmilenio\Enfoque diferencial\Enfoque diferencial - HTML\Font\lato\lato-light.woff
FileModTime:1484766721
%EndFont

%BeginFont
Handler:DirectoryHandler
FontType:Invalid
OutlineFileName:C:\Users\macastrop\OneDrive - Unipanamericana\ui transmilenio\Enfoque diferencial\Enfoque diferencial - HTML\Font\lato\lato-regular.eot
FileModTime:1484766721
%EndFont

%BeginFont
Handler:DirectoryHandler
FontType:Invalid
OutlineFileName:C:\Users\macastrop\OneDrive - Unipanamericana\ui transmilenio\Enfoque diferencial\Enfoque diferencial - HTML\Font\lato\lato-regular.svg
FileModTime:1484766721
%EndFont

%BeginFont
Handler:DirectoryHandler
FontType:TrueType
FontName:Lato-Regular
FamilyName:Lato
StyleName:Regular
FullName:Lato Regular
MenuName:Lato
StyleBits:0
WritingScript:Roman
OutlineFileName:C:\Users\macastrop\OneDrive - Unipanamericana\ui transmilenio\Enfoque diferencial\Enfoque diferencial - HTML\Font\lato\lato-regular.ttf
DataFormat:sfntData
hasSVG:no
FileLength:65648
FileModTime:1484766721
WeightClass:400
WidthClass:5
AngleClass:0
NameArray:0,Win,1,Lato
%EndFont

%BeginFont
Handler:DirectoryHandler
FontType:Invalid
OutlineFileName:C:\Users\macastrop\OneDrive - Unipanamericana\ui transmilenio\Enfoque diferencial\Enfoque diferencial - HTML\Font\lato\lato-regular.woff
FileModTime:1484766721
%EndFont

